11/22/2014 23:30:59: *****************************************************************************
Error in Path :/pgs/order/OrderRequest.aspx
Raw Url :/pgs/order/OrderRequest.aspx
Message :Input string was not in a correct format.
Source :mscorlib
Stack Trace :   at System.Number.StringToNumber(String str, NumberStyles options, NumberBuffer& number, NumberFormatInfo info, Boolean parseDecimal)
   at System.Number.ParseInt32(String s, NumberStyles style, NumberFormatInfo info)
   at System.Int32.Parse(String s)
   at POS_ERP.pgs.order.OrderRequest.checkAvaiableStockForMateril(Single desiredamount) in D:\vs_2010\POS_ERP\POS_ERP\pgs\order\OrderRequest.aspx.cs:line 276
TargetSite :Void StringToNumber(System.String, System.Globalization.NumberStyles, NumberBuffer ByRef, System.Globalization.NumberFormatInfo, Boolean)*****************************************************************************
11/22/2014 23:30:59: *****************************************************************************
Error in Path :/pgs/order/OrderRequest.aspx
Raw Url :/pgs/order/OrderRequest.aspx
Message :Input string was not in a correct format.
Source :mscorlib
Stack Trace :   at System.Number.StringToNumber(String str, NumberStyles options, NumberBuffer& number, NumberFormatInfo info, Boolean parseDecimal)
   at System.Number.ParseInt32(String s, NumberStyles style, NumberFormatInfo info)
   at System.Int32.Parse(String s)
   at POS_ERP.pgs.order.OrderRequest.checkAvaiableStockForMateril(Single desiredamount) in D:\vs_2010\POS_ERP\POS_ERP\pgs\order\OrderRequest.aspx.cs:line 276
TargetSite :Void StringToNumber(System.String, System.Globalization.NumberStyles, NumberBuffer ByRef, System.Globalization.NumberFormatInfo, Boolean)*****************************************************************************
11/22/2014 23:31:36: *****************************************************************************
Error in Path :/pgs/order/OrderRequest.aspx
Raw Url :/pgs/order/OrderRequest.aspx
Message :Input string was not in a correct format.
Source :mscorlib
Stack Trace :   at System.Number.StringToNumber(String str, NumberStyles options, NumberBuffer& number, NumberFormatInfo info, Boolean parseDecimal)
   at System.Number.ParseInt32(String s, NumberStyles style, NumberFormatInfo info)
   at System.Int32.Parse(String s)
   at POS_ERP.pgs.order.OrderRequest.checkAvaiableStockForMateril(Single desiredamount) in D:\vs_2010\POS_ERP\POS_ERP\pgs\order\OrderRequest.aspx.cs:line 276
TargetSite :Void StringToNumber(System.String, System.Globalization.NumberStyles, NumberBuffer ByRef, System.Globalization.NumberFormatInfo, Boolean)*****************************************************************************
11/22/2014 23:31:36: *****************************************************************************
Error in Path :/pgs/order/OrderRequest.aspx
Raw Url :/pgs/order/OrderRequest.aspx
Message :Input string was not in a correct format.
Source :mscorlib
Stack Trace :   at System.Number.StringToNumber(String str, NumberStyles options, NumberBuffer& number, NumberFormatInfo info, Boolean parseDecimal)
   at System.Number.ParseInt32(String s, NumberStyles style, NumberFormatInfo info)
   at System.Int32.Parse(String s)
   at POS_ERP.pgs.order.OrderRequest.checkAvaiableStockForMateril(Single desiredamount) in D:\vs_2010\POS_ERP\POS_ERP\pgs\order\OrderRequest.aspx.cs:line 276
TargetSite :Void StringToNumber(System.String, System.Globalization.NumberStyles, NumberBuffer ByRef, System.Globalization.NumberFormatInfo, Boolean)*****************************************************************************
11/22/2014 23:31:49: *****************************************************************************
Error in Path :/pgs/order/OrderRequest.aspx
Raw Url :/pgs/order/OrderRequest.aspx
Message :Input string was not in a correct format.
Source :mscorlib
Stack Trace :   at System.Number.StringToNumber(String str, NumberStyles options, NumberBuffer& number, NumberFormatInfo info, Boolean parseDecimal)
   at System.Number.ParseInt32(String s, NumberStyles style, NumberFormatInfo info)
   at System.Int32.Parse(String s)
   at POS_ERP.pgs.order.OrderRequest.checkAvaiableStockForMateril(Single desiredamount) in D:\vs_2010\POS_ERP\POS_ERP\pgs\order\OrderRequest.aspx.cs:line 276
TargetSite :Void StringToNumber(System.String, System.Globalization.NumberStyles, NumberBuffer ByRef, System.Globalization.NumberFormatInfo, Boolean)*****************************************************************************
11/22/2014 23:31:49: *****************************************************************************
Error in Path :/pgs/order/OrderRequest.aspx
Raw Url :/pgs/order/OrderRequest.aspx
Message :Input string was not in a correct format.
Source :mscorlib
Stack Trace :   at System.Number.StringToNumber(String str, NumberStyles options, NumberBuffer& number, NumberFormatInfo info, Boolean parseDecimal)
   at System.Number.ParseInt32(String s, NumberStyles style, NumberFormatInfo info)
   at System.Int32.Parse(String s)
   at POS_ERP.pgs.order.OrderRequest.checkAvaiableStockForMateril(Single desiredamount) in D:\vs_2010\POS_ERP\POS_ERP\pgs\order\OrderRequest.aspx.cs:line 276
TargetSite :Void StringToNumber(System.String, System.Globalization.NumberStyles, NumberBuffer ByRef, System.Globalization.NumberFormatInfo, Boolean)*****************************************************************************
11/22/2014 23:44:15: *****************************************************************************
Error in Path :/pgs/order/OrderRequest.aspx
Raw Url :/pgs/order/OrderRequest.aspx
Message :Sequence contains no matching element
Source :System.Core
Stack Trace :   at System.Linq.Enumerable.Single[TSource](IEnumerable`1 source, Func`2 predicate)
   at POS_ERP.pgs.order.OrderRequest.checkAvaiableStockForMateril(Single desiredamount) in D:\vs_2010\POS_ERP\POS_ERP\pgs\order\OrderRequest.aspx.cs:line 279
TargetSite :TSource Single[TSource](System.Collections.Generic.IEnumerable`1[TSource], System.Func`2[TSource,System.Boolean])*****************************************************************************
11/22/2014 23:44:15: *****************************************************************************
Error in Path :/pgs/order/OrderRequest.aspx
Raw Url :/pgs/order/OrderRequest.aspx
Message :Sequence contains no matching element
Source :System.Core
Stack Trace :   at System.Linq.Enumerable.Single[TSource](IEnumerable`1 source, Func`2 predicate)
   at POS_ERP.pgs.order.OrderRequest.checkAvaiableStockForMateril(Single desiredamount) in D:\vs_2010\POS_ERP\POS_ERP\pgs\order\OrderRequest.aspx.cs:line 279
TargetSite :TSource Single[TSource](System.Collections.Generic.IEnumerable`1[TSource], System.Func`2[TSource,System.Boolean])*****************************************************************************
11/22/2014 23:44:24: *****************************************************************************
Error in Path :/pgs/order/OrderRequest.aspx
Raw Url :/pgs/order/OrderRequest.aspx
Message :Sequence contains no matching element
Source :System.Core
Stack Trace :   at System.Linq.Enumerable.Single[TSource](IEnumerable`1 source, Func`2 predicate)
   at POS_ERP.pgs.order.OrderRequest.checkAvaiableStockForMateril(Single desiredamount) in D:\vs_2010\POS_ERP\POS_ERP\pgs\order\OrderRequest.aspx.cs:line 279
TargetSite :TSource Single[TSource](System.Collections.Generic.IEnumerable`1[TSource], System.Func`2[TSource,System.Boolean])*****************************************************************************
11/22/2014 23:44:24: *****************************************************************************
Error in Path :/pgs/order/OrderRequest.aspx
Raw Url :/pgs/order/OrderRequest.aspx
Message :Sequence contains no matching element
Source :System.Core
Stack Trace :   at System.Linq.Enumerable.Single[TSource](IEnumerable`1 source, Func`2 predicate)
   at POS_ERP.pgs.order.OrderRequest.checkAvaiableStockForMateril(Single desiredamount) in D:\vs_2010\POS_ERP\POS_ERP\pgs\order\OrderRequest.aspx.cs:line 279
TargetSite :TSource Single[TSource](System.Collections.Generic.IEnumerable`1[TSource], System.Func`2[TSource,System.Boolean])*****************************************************************************
11/22/2014 23:44:31: *****************************************************************************
Error in Path :/pgs/order/OrderRequest.aspx
Raw Url :/pgs/order/OrderRequest.aspx
Message :Sequence contains no matching element
Source :System.Core
Stack Trace :   at System.Linq.Enumerable.Single[TSource](IEnumerable`1 source, Func`2 predicate)
   at POS_ERP.pgs.order.OrderRequest.checkAvaiableStockForMateril(Single desiredamount) in D:\vs_2010\POS_ERP\POS_ERP\pgs\order\OrderRequest.aspx.cs:line 279
TargetSite :TSource Single[TSource](System.Collections.Generic.IEnumerable`1[TSource], System.Func`2[TSource,System.Boolean])*****************************************************************************
11/22/2014 23:44:31: *****************************************************************************
Error in Path :/pgs/order/OrderRequest.aspx
Raw Url :/pgs/order/OrderRequest.aspx
Message :Sequence contains no matching element
Source :System.Core
Stack Trace :   at System.Linq.Enumerable.Single[TSource](IEnumerable`1 source, Func`2 predicate)
   at POS_ERP.pgs.order.OrderRequest.checkAvaiableStockForMateril(Single desiredamount) in D:\vs_2010\POS_ERP\POS_ERP\pgs\order\OrderRequest.aspx.cs:line 279
TargetSite :TSource Single[TSource](System.Collections.Generic.IEnumerable`1[TSource], System.Func`2[TSource,System.Boolean])*****************************************************************************
11/22/2014 23:44:50: *****************************************************************************
Error in Path :/pgs/order/OrderRequest.aspx
Raw Url :/pgs/order/OrderRequest.aspx
Message :Sequence contains no matching element
Source :System.Core
Stack Trace :   at System.Linq.Enumerable.Single[TSource](IEnumerable`1 source, Func`2 predicate)
   at POS_ERP.pgs.order.OrderRequest.checkAvaiableStockForMateril(Single desiredamount) in D:\vs_2010\POS_ERP\POS_ERP\pgs\order\OrderRequest.aspx.cs:line 279
TargetSite :TSource Single[TSource](System.Collections.Generic.IEnumerable`1[TSource], System.Func`2[TSource,System.Boolean])*****************************************************************************
11/22/2014 23:44:50: *****************************************************************************
Error in Path :/pgs/order/OrderRequest.aspx
Raw Url :/pgs/order/OrderRequest.aspx
Message :Sequence contains no matching element
Source :System.Core
Stack Trace :   at System.Linq.Enumerable.Single[TSource](IEnumerable`1 source, Func`2 predicate)
   at POS_ERP.pgs.order.OrderRequest.checkAvaiableStockForMateril(Single desiredamount) in D:\vs_2010\POS_ERP\POS_ERP\pgs\order\OrderRequest.aspx.cs:line 279
TargetSite :TSource Single[TSource](System.Collections.Generic.IEnumerable`1[TSource], System.Func`2[TSource,System.Boolean])*****************************************************************************
11/22/2014 23:45:22: *****************************************************************************
Error in Path :/pgs/order/OrderRequest.aspx
Raw Url :/pgs/order/OrderRequest.aspx
Message :Sequence contains no matching element
Source :System.Core
Stack Trace :   at System.Linq.Enumerable.Single[TSource](IEnumerable`1 source, Func`2 predicate)
   at POS_ERP.pgs.order.OrderRequest.checkAvaiableStockForMateril(Single desiredamount) in D:\vs_2010\POS_ERP\POS_ERP\pgs\order\OrderRequest.aspx.cs:line 279
TargetSite :TSource Single[TSource](System.Collections.Generic.IEnumerable`1[TSource], System.Func`2[TSource,System.Boolean])*****************************************************************************
11/22/2014 23:45:22: *****************************************************************************
Error in Path :/pgs/order/OrderRequest.aspx
Raw Url :/pgs/order/OrderRequest.aspx
Message :Sequence contains no matching element
Source :System.Core
Stack Trace :   at System.Linq.Enumerable.Single[TSource](IEnumerable`1 source, Func`2 predicate)
   at POS_ERP.pgs.order.OrderRequest.checkAvaiableStockForMateril(Single desiredamount) in D:\vs_2010\POS_ERP\POS_ERP\pgs\order\OrderRequest.aspx.cs:line 279
TargetSite :TSource Single[TSource](System.Collections.Generic.IEnumerable`1[TSource], System.Func`2[TSource,System.Boolean])*****************************************************************************
11/22/2014 23:48:15: *****************************************************************************
Error in Path :/pgs/order/OrderRequest.aspx
Raw Url :/pgs/order/OrderRequest.aspx
Message :Sequence contains no matching element
Source :System.Core
Stack Trace :   at System.Linq.Enumerable.Single[TSource](IEnumerable`1 source, Func`2 predicate)
   at POS_ERP.pgs.order.OrderRequest.checkAvaiableStockForMateril(Single desiredamount) in D:\vs_2010\POS_ERP\POS_ERP\pgs\order\OrderRequest.aspx.cs:line 283
TargetSite :TSource Single[TSource](System.Collections.Generic.IEnumerable`1[TSource], System.Func`2[TSource,System.Boolean])*****************************************************************************
11/22/2014 23:48:15: *****************************************************************************
Error in Path :/pgs/order/OrderRequest.aspx
Raw Url :/pgs/order/OrderRequest.aspx
Message :Sequence contains no matching element
Source :System.Core
Stack Trace :   at System.Linq.Enumerable.Single[TSource](IEnumerable`1 source, Func`2 predicate)
   at POS_ERP.pgs.order.OrderRequest.checkAvaiableStockForMateril(Single desiredamount) in D:\vs_2010\POS_ERP\POS_ERP\pgs\order\OrderRequest.aspx.cs:line 283
TargetSite :TSource Single[TSource](System.Collections.Generic.IEnumerable`1[TSource], System.Func`2[TSource,System.Boolean])*****************************************************************************
