11/29/2014 20:43:28: *****************************************************************************
Error in Path :/pgs/order/OrderRequest.aspx
Raw Url :/pgs/order/OrderRequest.aspx
Message :Column 'comp_code' does not belong to table .
Source :System.Data
Stack Trace :   at System.Data.DataRow.GetDataColumn(String columnName)
   at System.Data.DataRow.get_Item(String columnName)
   at POS_ERP.com.zanon.ERP.beans.CompanyBeans.getAllCompany(String sql, Dictionary`2 parameters) in D:\vs_2010\POS_ERP\POS_ERP\com\zanon\ERP\beans\CompanyBeans.cs:line 37
TargetSite :System.Data.DataColumn GetDataColumn(System.String)*****************************************************************************
11/29/2014 20:43:28: *****************************************************************************
Error in Path :/pgs/order/OrderRequest.aspx
Raw Url :/pgs/order/OrderRequest.aspx
Message :Column 'comp_code' does not belong to table .
Source :System.Data
Stack Trace :   at System.Data.DataRow.GetDataColumn(String columnName)
   at System.Data.DataRow.get_Item(String columnName)
   at POS_ERP.com.zanon.ERP.beans.CompanyBeans.getAllCompany(String sql, Dictionary`2 parameters) in D:\vs_2010\POS_ERP\POS_ERP\com\zanon\ERP\beans\CompanyBeans.cs:line 37
TargetSite :System.Data.DataColumn GetDataColumn(System.String)*****************************************************************************
11/29/2014 20:43:28: *****************************************************************************
Error in Path :/pgs/order/OrderRequest.aspx
Raw Url :/pgs/order/OrderRequest.aspx
Message :Index was out of range. Must be non-negative and less than the size of the collection.
Parameter name: index
Source :mscorlib
Stack Trace :   at System.ThrowHelper.ThrowArgumentOutOfRangeException(ExceptionArgument argument, ExceptionResource resource)
   at System.ThrowHelper.ThrowArgumentOutOfRangeException()
   at System.Collections.Generic.List`1.get_Item(Int32 index)
   at POS_ERP.com.zanon.ERP.beans.CompanyBeans.getCompanyByID(Int32 id) in D:\vs_2010\POS_ERP\POS_ERP\com\zanon\ERP\beans\CompanyBeans.cs:line 62
TargetSite :Void ThrowArgumentOutOfRangeException(System.ExceptionArgument, System.ExceptionResource)*****************************************************************************
11/29/2014 20:43:28: *****************************************************************************
Error in Path :/pgs/order/OrderRequest.aspx
Raw Url :/pgs/order/OrderRequest.aspx
Message :Index was out of range. Must be non-negative and less than the size of the collection.
Parameter name: index
Source :mscorlib
Stack Trace :   at System.ThrowHelper.ThrowArgumentOutOfRangeException(ExceptionArgument argument, ExceptionResource resource)
   at System.ThrowHelper.ThrowArgumentOutOfRangeException()
   at System.Collections.Generic.List`1.get_Item(Int32 index)
   at POS_ERP.com.zanon.ERP.beans.CompanyBeans.getCompanyByID(Int32 id) in D:\vs_2010\POS_ERP\POS_ERP\com\zanon\ERP\beans\CompanyBeans.cs:line 62
TargetSite :Void ThrowArgumentOutOfRangeException(System.ExceptionArgument, System.ExceptionResource)*****************************************************************************
11/29/2014 20:46:52: *****************************************************************************
Error in Path :/pgs/order/OrderRequest.aspx
Raw Url :/pgs/order/OrderRequest.aspx
Message :Column 'id' does not belong to table .
Source :System.Data
Stack Trace :   at System.Data.DataRow.GetDataColumn(String columnName)
   at System.Data.DataRow.get_Item(String columnName)
   at POS_ERP.pgs.order.OrderRequest.btnsaveBill_clicked(Object sender, EventArgs e) in D:\vs_2010\POS_ERP\POS_ERP\pgs\order\OrderRequest.aspx.cs:line 372
TargetSite :System.Data.DataColumn GetDataColumn(System.String)*****************************************************************************
11/29/2014 20:46:52: *****************************************************************************
Error in Path :/pgs/order/OrderRequest.aspx
Raw Url :/pgs/order/OrderRequest.aspx
Message :Column 'id' does not belong to table .
Source :System.Data
Stack Trace :   at System.Data.DataRow.GetDataColumn(String columnName)
   at System.Data.DataRow.get_Item(String columnName)
   at POS_ERP.pgs.order.OrderRequest.btnsaveBill_clicked(Object sender, EventArgs e) in D:\vs_2010\POS_ERP\POS_ERP\pgs\order\OrderRequest.aspx.cs:line 372
TargetSite :System.Data.DataColumn GetDataColumn(System.String)*****************************************************************************
11/29/2014 20:52:42: *****************************************************************************
Error in Path :/pgs/home/login.aspx
Raw Url :/pgs/home/login.aspx
Message :Column 'comp_code' does not belong to table .
Source :System.Data
Stack Trace :   at System.Data.DataRow.GetDataColumn(String columnName)
   at System.Data.DataRow.get_Item(String columnName)
   at POS_ERP.com.zanon.ERP.beans.CompanyBeans.getAllCompany(String sql, Dictionary`2 parameters) in D:\vs_2010\POS_ERP\POS_ERP\com\zanon\ERP\beans\CompanyBeans.cs:line 37
TargetSite :System.Data.DataColumn GetDataColumn(System.String)*****************************************************************************
11/29/2014 20:52:42: *****************************************************************************
Error in Path :/pgs/home/login.aspx
Raw Url :/pgs/home/login.aspx
Message :Column 'comp_code' does not belong to table .
Source :System.Data
Stack Trace :   at System.Data.DataRow.GetDataColumn(String columnName)
   at System.Data.DataRow.get_Item(String columnName)
   at POS_ERP.com.zanon.ERP.beans.CompanyBeans.getAllCompany(String sql, Dictionary`2 parameters) in D:\vs_2010\POS_ERP\POS_ERP\com\zanon\ERP\beans\CompanyBeans.cs:line 37
TargetSite :System.Data.DataColumn GetDataColumn(System.String)*****************************************************************************
11/29/2014 20:52:51: *****************************************************************************
Error in Path :/pgs/order/OrderRequest.aspx
Raw Url :/pgs/order/OrderRequest.aspx
Message :Object reference not set to an instance of an object.
Source :POS_ERP
Stack Trace :   at POS_ERP.pgs.order.OrderRequest.fillInventory() in D:\vs_2010\POS_ERP\POS_ERP\pgs\order\OrderRequest.aspx.cs:line 144
TargetSite :Void fillInventory()*****************************************************************************
11/29/2014 20:52:51: *****************************************************************************
Error in Path :/pgs/order/OrderRequest.aspx
Raw Url :/pgs/order/OrderRequest.aspx
Message :Object reference not set to an instance of an object.
Source :POS_ERP
Stack Trace :   at POS_ERP.pgs.order.OrderRequest.fillInventory() in D:\vs_2010\POS_ERP\POS_ERP\pgs\order\OrderRequest.aspx.cs:line 144
TargetSite :Void fillInventory()*****************************************************************************
11/29/2014 20:52:51: *****************************************************************************
Error in Path :/pgs/order/OrderRequest.aspx
Raw Url :/pgs/order/OrderRequest.aspx
Message :Object reference not set to an instance of an object.
Source :POS_ERP
Stack Trace :   at POS_ERP.pgs.order.OrderRequest.fillMaterialgroups() in D:\vs_2010\POS_ERP\POS_ERP\pgs\order\OrderRequest.aspx.cs:line 85
TargetSite :Void fillMaterialgroups()*****************************************************************************
11/29/2014 20:52:51: *****************************************************************************
Error in Path :/pgs/order/OrderRequest.aspx
Raw Url :/pgs/order/OrderRequest.aspx
Message :Object reference not set to an instance of an object.
Source :POS_ERP
Stack Trace :   at POS_ERP.pgs.order.OrderRequest.fillMaterialgroups() in D:\vs_2010\POS_ERP\POS_ERP\pgs\order\OrderRequest.aspx.cs:line 85
TargetSite :Void fillMaterialgroups()*****************************************************************************
11/29/2014 20:52:51: *****************************************************************************
Error in Path :/pgs/order/OrderRequest.aspx
Raw Url :/pgs/order/OrderRequest.aspx
Message :Object reference not set to an instance of an object.
Source :POS_ERP
Stack Trace :   at POS_ERP.pgs.order.OrderRequest.fillCustomerGroups() in D:\vs_2010\POS_ERP\POS_ERP\pgs\order\OrderRequest.aspx.cs:line 165
TargetSite :Void fillCustomerGroups()*****************************************************************************
11/29/2014 20:52:51: *****************************************************************************
Error in Path :/pgs/order/OrderRequest.aspx
Raw Url :/pgs/order/OrderRequest.aspx
Message :Object reference not set to an instance of an object.
Source :POS_ERP
Stack Trace :   at POS_ERP.pgs.order.OrderRequest.fillCustomerGroups() in D:\vs_2010\POS_ERP\POS_ERP\pgs\order\OrderRequest.aspx.cs:line 165
TargetSite :Void fillCustomerGroups()*****************************************************************************
11/29/2014 20:52:51: *****************************************************************************
Error in Path :/pgs/order/OrderRequest.aspx
Raw Url :/pgs/order/OrderRequest.aspx
Message :Object reference not set to an instance of an object.
Source :POS_ERP
Stack Trace :   at POS_ERP.pgs.order.OrderRequest.fillCustomers() in D:\vs_2010\POS_ERP\POS_ERP\pgs\order\OrderRequest.aspx.cs:line 185
TargetSite :Void fillCustomers()*****************************************************************************
11/29/2014 20:52:51: *****************************************************************************
Error in Path :/pgs/order/OrderRequest.aspx
Raw Url :/pgs/order/OrderRequest.aspx
Message :Object reference not set to an instance of an object.
Source :POS_ERP
Stack Trace :   at POS_ERP.pgs.order.OrderRequest.fillCustomers() in D:\vs_2010\POS_ERP\POS_ERP\pgs\order\OrderRequest.aspx.cs:line 185
TargetSite :Void fillCustomers()*****************************************************************************
11/29/2014 20:52:51: *****************************************************************************
Error in Path :/pgs/order/OrderRequest.aspx
Raw Url :/pgs/order/OrderRequest.aspx
Message :Object reference not set to an instance of an object.
Source :POS_ERP
Stack Trace :   at POS_ERP.pgs.order.OrderRequest.fillMaterial() in D:\vs_2010\POS_ERP\POS_ERP\pgs\order\OrderRequest.aspx.cs:line 105
TargetSite :Void fillMaterial()*****************************************************************************
11/29/2014 20:52:51: *****************************************************************************
Error in Path :/pgs/order/OrderRequest.aspx
Raw Url :/pgs/order/OrderRequest.aspx
Message :Object reference not set to an instance of an object.
Source :POS_ERP
Stack Trace :   at POS_ERP.pgs.order.OrderRequest.fillMaterial() in D:\vs_2010\POS_ERP\POS_ERP\pgs\order\OrderRequest.aspx.cs:line 105
TargetSite :Void fillMaterial()*****************************************************************************
11/29/2014 20:53:13: *****************************************************************************
Error in Path :/pgs/home/login.aspx
Raw Url :/pgs/home/login.aspx
Message :Column 'comp_code' does not belong to table .
Source :System.Data
Stack Trace :   at System.Data.DataRow.GetDataColumn(String columnName)
   at System.Data.DataRow.get_Item(String columnName)
   at POS_ERP.com.zanon.ERP.beans.CompanyBeans.getAllCompany(String sql, Dictionary`2 parameters) in D:\vs_2010\POS_ERP\POS_ERP\com\zanon\ERP\beans\CompanyBeans.cs:line 37
TargetSite :System.Data.DataColumn GetDataColumn(System.String)*****************************************************************************
11/29/2014 20:53:13: *****************************************************************************
Error in Path :/pgs/home/login.aspx
Raw Url :/pgs/home/login.aspx
Message :Column 'comp_code' does not belong to table .
Source :System.Data
Stack Trace :   at System.Data.DataRow.GetDataColumn(String columnName)
   at System.Data.DataRow.get_Item(String columnName)
   at POS_ERP.com.zanon.ERP.beans.CompanyBeans.getAllCompany(String sql, Dictionary`2 parameters) in D:\vs_2010\POS_ERP\POS_ERP\com\zanon\ERP\beans\CompanyBeans.cs:line 37
TargetSite :System.Data.DataColumn GetDataColumn(System.String)*****************************************************************************
11/29/2014 20:54:07: *****************************************************************************
Error in Path :/pgs/home/login.aspx
Raw Url :/pgs/home/login.aspx
Message :Column 'comp_code' does not belong to table .
Source :System.Data
Stack Trace :   at System.Data.DataRow.GetDataColumn(String columnName)
   at System.Data.DataRow.get_Item(String columnName)
   at POS_ERP.com.zanon.ERP.beans.CompanyBeans.getAllCompany(String sql, Dictionary`2 parameters) in D:\vs_2010\POS_ERP\POS_ERP\com\zanon\ERP\beans\CompanyBeans.cs:line 37
TargetSite :System.Data.DataColumn GetDataColumn(System.String)*****************************************************************************
11/29/2014 20:54:07: *****************************************************************************
Error in Path :/pgs/home/login.aspx
Raw Url :/pgs/home/login.aspx
Message :Column 'comp_code' does not belong to table .
Source :System.Data
Stack Trace :   at System.Data.DataRow.GetDataColumn(String columnName)
   at System.Data.DataRow.get_Item(String columnName)
   at POS_ERP.com.zanon.ERP.beans.CompanyBeans.getAllCompany(String sql, Dictionary`2 parameters) in D:\vs_2010\POS_ERP\POS_ERP\com\zanon\ERP\beans\CompanyBeans.cs:line 37
TargetSite :System.Data.DataColumn GetDataColumn(System.String)*****************************************************************************
11/29/2014 20:54:57: *****************************************************************************
Error in Path :/pgs/order/OrderRequest.aspx
Raw Url :/pgs/order/OrderRequest.aspx
Message :Object of type POS_ERP.com.zanon.ERP.beans.CompanyBeans does not have a comp_code property.
Source :Telerik.Web.UI
Stack Trace :   at Telerik.Web.UI.PropertyDescriptorCache.GetPropertyValue(Object dataItem, String propertyName)
   at Telerik.Web.UI.PropertyDescriptorCache.GetPropertyValue(Object dataItem, String propertyName, String format)
   at Telerik.Web.UI.ControlItem.PopulateFromDataItem(PropertyDescriptorCache properties, Object dataItem, String dataMember, Int32 depth)
   at Telerik.Web.UI.RadComboBoxItem.PopulateFromDataItem(PropertyDescriptorCache properties, Object dataItem, String dataMember, Int32 depth)
   at Telerik.Web.UI.ControlItem.Telerik.Web.UI.IItem.PopulateFromDataItem(PropertyDescriptorCache properties, Object dataItem, String dataMember, Int32 depth)
   at Telerik.Web.UI.ControlDataBinder.SetItemPropeties(IItem item, Object dataItem, String dataMember, Int32 depth)
   at Telerik.Web.UI.ControlDataBinder.BindItem(IList items, Object dataObject, Object dataItem, String dataMember, Int32 depth)
   at Telerik.Web.UI.ControlDataBinder.BindItem(IList items, Object dataItem, String dataMember, Int32 depth)
   at Telerik.Web.UI.ControlDataBinder.BindToEnumerableData(IEnumerable dataSource)
   at Telerik.Web.UI.ControlItemContainer.PerformDataBinding(IEnumerable data)
   at Telerik.Web.UI.RadComboBox.PerformDataBinding(IEnumerable dataSource)
   at Telerik.Web.UI.RadComboBox.OnDataSourceViewSelectCallback(IEnumerable data)
   at System.Web.UI.DataSourceView.Select(DataSourceSelectArguments arguments, DataSourceViewSelectCallback callback)
   at Telerik.Web.UI.RadComboBox.OnDataBinding(EventArgs e)
   at Telerik.Web.UI.RadComboBox.PerformSelect()
   at System.Web.UI.WebControls.BaseDataBoundControl.DataBind()
   at Telerik.Web.UI.RadComboBox.DataBind()
   at POS_ERP.pgs.order.OrderRequest.fillScreen(Object userProfile) in D:\vs_2010\POS_ERP\POS_ERP\pgs\order\OrderRequest.aspx.cs:line 68
TargetSite :System.Object GetPropertyValue(System.Object, System.String)*****************************************************************************
11/29/2014 20:54:57: *****************************************************************************
Error in Path :/pgs/order/OrderRequest.aspx
Raw Url :/pgs/order/OrderRequest.aspx
Message :Object of type POS_ERP.com.zanon.ERP.beans.CompanyBeans does not have a comp_code property.
Source :Telerik.Web.UI
Stack Trace :   at Telerik.Web.UI.PropertyDescriptorCache.GetPropertyValue(Object dataItem, String propertyName)
   at Telerik.Web.UI.PropertyDescriptorCache.GetPropertyValue(Object dataItem, String propertyName, String format)
   at Telerik.Web.UI.ControlItem.PopulateFromDataItem(PropertyDescriptorCache properties, Object dataItem, String dataMember, Int32 depth)
   at Telerik.Web.UI.RadComboBoxItem.PopulateFromDataItem(PropertyDescriptorCache properties, Object dataItem, String dataMember, Int32 depth)
   at Telerik.Web.UI.ControlItem.Telerik.Web.UI.IItem.PopulateFromDataItem(PropertyDescriptorCache properties, Object dataItem, String dataMember, Int32 depth)
   at Telerik.Web.UI.ControlDataBinder.SetItemPropeties(IItem item, Object dataItem, String dataMember, Int32 depth)
   at Telerik.Web.UI.ControlDataBinder.BindItem(IList items, Object dataObject, Object dataItem, String dataMember, Int32 depth)
   at Telerik.Web.UI.ControlDataBinder.BindItem(IList items, Object dataItem, String dataMember, Int32 depth)
   at Telerik.Web.UI.ControlDataBinder.BindToEnumerableData(IEnumerable dataSource)
   at Telerik.Web.UI.ControlItemContainer.PerformDataBinding(IEnumerable data)
   at Telerik.Web.UI.RadComboBox.PerformDataBinding(IEnumerable dataSource)
   at Telerik.Web.UI.RadComboBox.OnDataSourceViewSelectCallback(IEnumerable data)
   at System.Web.UI.DataSourceView.Select(DataSourceSelectArguments arguments, DataSourceViewSelectCallback callback)
   at Telerik.Web.UI.RadComboBox.OnDataBinding(EventArgs e)
   at Telerik.Web.UI.RadComboBox.PerformSelect()
   at System.Web.UI.WebControls.BaseDataBoundControl.DataBind()
   at Telerik.Web.UI.RadComboBox.DataBind()
   at POS_ERP.pgs.order.OrderRequest.fillScreen(Object userProfile) in D:\vs_2010\POS_ERP\POS_ERP\pgs\order\OrderRequest.aspx.cs:line 68
TargetSite :System.Object GetPropertyValue(System.Object, System.String)*****************************************************************************
11/29/2014 20:55:57: *****************************************************************************
Error in Path :/pgs/order/OrderRequest.aspx
Raw Url :/pgs/order/OrderRequest.aspx
Message :Object of type POS_ERP.com.zanon.ERP.beans.CompanyBeans does not have a comp_code property.
Source :Telerik.Web.UI
Stack Trace :   at Telerik.Web.UI.PropertyDescriptorCache.GetPropertyValue(Object dataItem, String propertyName)
   at Telerik.Web.UI.PropertyDescriptorCache.GetPropertyValue(Object dataItem, String propertyName, String format)
   at Telerik.Web.UI.ControlItem.PopulateFromDataItem(PropertyDescriptorCache properties, Object dataItem, String dataMember, Int32 depth)
   at Telerik.Web.UI.RadComboBoxItem.PopulateFromDataItem(PropertyDescriptorCache properties, Object dataItem, String dataMember, Int32 depth)
   at Telerik.Web.UI.ControlItem.Telerik.Web.UI.IItem.PopulateFromDataItem(PropertyDescriptorCache properties, Object dataItem, String dataMember, Int32 depth)
   at Telerik.Web.UI.ControlDataBinder.SetItemPropeties(IItem item, Object dataItem, String dataMember, Int32 depth)
   at Telerik.Web.UI.ControlDataBinder.BindItem(IList items, Object dataObject, Object dataItem, String dataMember, Int32 depth)
   at Telerik.Web.UI.ControlDataBinder.BindItem(IList items, Object dataItem, String dataMember, Int32 depth)
   at Telerik.Web.UI.ControlDataBinder.BindToEnumerableData(IEnumerable dataSource)
   at Telerik.Web.UI.ControlItemContainer.PerformDataBinding(IEnumerable data)
   at Telerik.Web.UI.RadComboBox.PerformDataBinding(IEnumerable dataSource)
   at Telerik.Web.UI.RadComboBox.OnDataSourceViewSelectCallback(IEnumerable data)
   at System.Web.UI.DataSourceView.Select(DataSourceSelectArguments arguments, DataSourceViewSelectCallback callback)
   at Telerik.Web.UI.RadComboBox.OnDataBinding(EventArgs e)
   at Telerik.Web.UI.RadComboBox.PerformSelect()
   at System.Web.UI.WebControls.BaseDataBoundControl.DataBind()
   at Telerik.Web.UI.RadComboBox.DataBind()
   at POS_ERP.pgs.order.OrderRequest.fillScreen(Object userProfile) in D:\vs_2010\POS_ERP\POS_ERP\pgs\order\OrderRequest.aspx.cs:line 68
TargetSite :System.Object GetPropertyValue(System.Object, System.String)*****************************************************************************
11/29/2014 20:55:57: *****************************************************************************
Error in Path :/pgs/order/OrderRequest.aspx
Raw Url :/pgs/order/OrderRequest.aspx
Message :Object of type POS_ERP.com.zanon.ERP.beans.CompanyBeans does not have a comp_code property.
Source :Telerik.Web.UI
Stack Trace :   at Telerik.Web.UI.PropertyDescriptorCache.GetPropertyValue(Object dataItem, String propertyName)
   at Telerik.Web.UI.PropertyDescriptorCache.GetPropertyValue(Object dataItem, String propertyName, String format)
   at Telerik.Web.UI.ControlItem.PopulateFromDataItem(PropertyDescriptorCache properties, Object dataItem, String dataMember, Int32 depth)
   at Telerik.Web.UI.RadComboBoxItem.PopulateFromDataItem(PropertyDescriptorCache properties, Object dataItem, String dataMember, Int32 depth)
   at Telerik.Web.UI.ControlItem.Telerik.Web.UI.IItem.PopulateFromDataItem(PropertyDescriptorCache properties, Object dataItem, String dataMember, Int32 depth)
   at Telerik.Web.UI.ControlDataBinder.SetItemPropeties(IItem item, Object dataItem, String dataMember, Int32 depth)
   at Telerik.Web.UI.ControlDataBinder.BindItem(IList items, Object dataObject, Object dataItem, String dataMember, Int32 depth)
   at Telerik.Web.UI.ControlDataBinder.BindItem(IList items, Object dataItem, String dataMember, Int32 depth)
   at Telerik.Web.UI.ControlDataBinder.BindToEnumerableData(IEnumerable dataSource)
   at Telerik.Web.UI.ControlItemContainer.PerformDataBinding(IEnumerable data)
   at Telerik.Web.UI.RadComboBox.PerformDataBinding(IEnumerable dataSource)
   at Telerik.Web.UI.RadComboBox.OnDataSourceViewSelectCallback(IEnumerable data)
   at System.Web.UI.DataSourceView.Select(DataSourceSelectArguments arguments, DataSourceViewSelectCallback callback)
   at Telerik.Web.UI.RadComboBox.OnDataBinding(EventArgs e)
   at Telerik.Web.UI.RadComboBox.PerformSelect()
   at System.Web.UI.WebControls.BaseDataBoundControl.DataBind()
   at Telerik.Web.UI.RadComboBox.DataBind()
   at POS_ERP.pgs.order.OrderRequest.fillScreen(Object userProfile) in D:\vs_2010\POS_ERP\POS_ERP\pgs\order\OrderRequest.aspx.cs:line 68
TargetSite :System.Object GetPropertyValue(System.Object, System.String)*****************************************************************************
11/29/2014 20:58:58: *****************************************************************************
Error in Path :/pgs/order/OrderRequest.aspx
Raw Url :/pgs/order/OrderRequest.aspx
Message :Column 'ID' does not belong to table .
Source :System.Data
Stack Trace :   at System.Data.DataRow.GetDataColumn(String columnName)
   at System.Data.DataRow.get_Item(String columnName)
   at POS_ERP.pgs.order.OrderRequest.btnsaveBill_clicked(Object sender, EventArgs e) in D:\vs_2010\POS_ERP\POS_ERP\pgs\order\OrderRequest.aspx.cs:line 372
TargetSite :System.Data.DataColumn GetDataColumn(System.String)*****************************************************************************
11/29/2014 20:58:58: *****************************************************************************
Error in Path :/pgs/order/OrderRequest.aspx
Raw Url :/pgs/order/OrderRequest.aspx
Message :Column 'ID' does not belong to table .
Source :System.Data
Stack Trace :   at System.Data.DataRow.GetDataColumn(String columnName)
   at System.Data.DataRow.get_Item(String columnName)
   at POS_ERP.pgs.order.OrderRequest.btnsaveBill_clicked(Object sender, EventArgs e) in D:\vs_2010\POS_ERP\POS_ERP\pgs\order\OrderRequest.aspx.cs:line 372
TargetSite :System.Data.DataColumn GetDataColumn(System.String)*****************************************************************************
11/29/2014 21:03:30: *****************************************************************************
Error in Path :/pgs/order/OrderRequest.aspx
Raw Url :/pgs/order/OrderRequest.aspx
Message :Thread was being aborted.
Source :mscorlib
Stack Trace :   at System.Threading.Thread.AbortInternal()
   at System.Threading.Thread.Abort(Object stateInfo)
   at System.Web.HttpResponse.End()
   at System.Web.HttpResponse.Redirect(String url, Boolean endResponse)
   at System.Web.HttpResponse.Redirect(String url)
   at POS_ERP.pgs.order.OrderRequest.btnsaveBill_clicked(Object sender, EventArgs e) in D:\vs_2010\POS_ERP\POS_ERP\pgs\order\OrderRequest.aspx.cs:line 461
TargetSite :Void AbortInternal()*****************************************************************************
11/29/2014 21:03:30: *****************************************************************************
Error in Path :/pgs/order/OrderRequest.aspx
Raw Url :/pgs/order/OrderRequest.aspx
Message :Thread was being aborted.
Source :mscorlib
Stack Trace :   at System.Threading.Thread.AbortInternal()
   at System.Threading.Thread.Abort(Object stateInfo)
   at System.Web.HttpResponse.End()
   at System.Web.HttpResponse.Redirect(String url, Boolean endResponse)
   at System.Web.HttpResponse.Redirect(String url)
   at POS_ERP.pgs.order.OrderRequest.btnsaveBill_clicked(Object sender, EventArgs e) in D:\vs_2010\POS_ERP\POS_ERP\pgs\order\OrderRequest.aspx.cs:line 461
TargetSite :Void AbortInternal()*****************************************************************************
11/29/2014 21:06:35: *****************************************************************************
Error in Path :/pgs/order/OrderRequest.aspx
Raw Url :/pgs/order/OrderRequest.aspx
Message :Thread was being aborted.
Source :mscorlib
Stack Trace :   at System.Threading.Thread.AbortInternal()
   at System.Threading.Thread.Abort(Object stateInfo)
   at System.Web.HttpResponse.End()
   at System.Web.HttpResponse.Redirect(String url, Boolean endResponse)
   at System.Web.HttpResponse.Redirect(String url)
   at POS_ERP.pgs.order.OrderRequest.btnsaveBill_clicked(Object sender, EventArgs e) in D:\vs_2010\POS_ERP\POS_ERP\pgs\order\OrderRequest.aspx.cs:line 461
TargetSite :Void AbortInternal()*****************************************************************************
11/29/2014 21:06:35: *****************************************************************************
Error in Path :/pgs/order/OrderRequest.aspx
Raw Url :/pgs/order/OrderRequest.aspx
Message :Thread was being aborted.
Source :mscorlib
Stack Trace :   at System.Threading.Thread.AbortInternal()
   at System.Threading.Thread.Abort(Object stateInfo)
   at System.Web.HttpResponse.End()
   at System.Web.HttpResponse.Redirect(String url, Boolean endResponse)
   at System.Web.HttpResponse.Redirect(String url)
   at POS_ERP.pgs.order.OrderRequest.btnsaveBill_clicked(Object sender, EventArgs e) in D:\vs_2010\POS_ERP\POS_ERP\pgs\order\OrderRequest.aspx.cs:line 461
TargetSite :Void AbortInternal()*****************************************************************************
11/29/2014 21:09:43: *****************************************************************************
Error in Path :/pgs/order/OrderRequest.aspx
Raw Url :/pgs/order/OrderRequest.aspx
Message :Parameter '@qnty' must be defined.
Source :MySql.Data
Stack Trace :   at MySql.Data.MySqlClient.Statement.SerializeParameter(MySqlParameterCollection parameters, MySqlPacket packet, String parmName)
   at MySql.Data.MySqlClient.Statement.InternalBindParameters(String sql, MySqlParameterCollection parameters, MySqlPacket packet)
   at MySql.Data.MySqlClient.Statement.BindParameters()
   at MySql.Data.MySqlClient.Statement.Execute()
   at MySql.Data.MySqlClient.PreparableStatement.Execute()
   at MySql.Data.MySqlClient.MySqlCommand.ExecuteReader(CommandBehavior behavior)
TargetSite :Boolean SerializeParameter(MySql.Data.MySqlClient.MySqlParameterCollection, MySql.Data.MySqlClient.MySqlPacket, System.String)*****************************************************************************
11/29/2014 21:09:43: *****************************************************************************
Error in Path :/pgs/order/OrderRequest.aspx
Raw Url :/pgs/order/OrderRequest.aspx
Message :Parameter '@qnty' must be defined.
Source :MySql.Data
Stack Trace :   at MySql.Data.MySqlClient.Statement.SerializeParameter(MySqlParameterCollection parameters, MySqlPacket packet, String parmName)
   at MySql.Data.MySqlClient.Statement.InternalBindParameters(String sql, MySqlParameterCollection parameters, MySqlPacket packet)
   at MySql.Data.MySqlClient.Statement.BindParameters()
   at MySql.Data.MySqlClient.Statement.Execute()
   at MySql.Data.MySqlClient.PreparableStatement.Execute()
   at MySql.Data.MySqlClient.MySqlCommand.ExecuteReader(CommandBehavior behavior)
TargetSite :Boolean SerializeParameter(MySql.Data.MySqlClient.MySqlParameterCollection, MySql.Data.MySqlClient.MySqlPacket, System.String)*****************************************************************************
11/29/2014 21:10:01: *****************************************************************************
Error in Path :/pgs/order/OrderRequest.aspx
Raw Url :/pgs/order/OrderRequest.aspx
Message :Parameter '@qnty' must be defined.
Source :MySql.Data
Stack Trace :   at MySql.Data.MySqlClient.Statement.SerializeParameter(MySqlParameterCollection parameters, MySqlPacket packet, String parmName)
   at MySql.Data.MySqlClient.Statement.InternalBindParameters(String sql, MySqlParameterCollection parameters, MySqlPacket packet)
   at MySql.Data.MySqlClient.Statement.BindParameters()
   at MySql.Data.MySqlClient.Statement.Execute()
   at MySql.Data.MySqlClient.PreparableStatement.Execute()
   at MySql.Data.MySqlClient.MySqlCommand.ExecuteReader(CommandBehavior behavior)
TargetSite :Boolean SerializeParameter(MySql.Data.MySqlClient.MySqlParameterCollection, MySql.Data.MySqlClient.MySqlPacket, System.String)*****************************************************************************
11/29/2014 21:10:01: *****************************************************************************
Error in Path :/pgs/order/OrderRequest.aspx
Raw Url :/pgs/order/OrderRequest.aspx
Message :Parameter '@qnty' must be defined.
Source :MySql.Data
Stack Trace :   at MySql.Data.MySqlClient.Statement.SerializeParameter(MySqlParameterCollection parameters, MySqlPacket packet, String parmName)
   at MySql.Data.MySqlClient.Statement.InternalBindParameters(String sql, MySqlParameterCollection parameters, MySqlPacket packet)
   at MySql.Data.MySqlClient.Statement.BindParameters()
   at MySql.Data.MySqlClient.Statement.Execute()
   at MySql.Data.MySqlClient.PreparableStatement.Execute()
   at MySql.Data.MySqlClient.MySqlCommand.ExecuteReader(CommandBehavior behavior)
TargetSite :Boolean SerializeParameter(MySql.Data.MySqlClient.MySqlParameterCollection, MySql.Data.MySqlClient.MySqlPacket, System.String)*****************************************************************************
11/29/2014 21:10:01: *****************************************************************************
Error in Path :/pgs/order/OrderRequest.aspx
Raw Url :/pgs/order/OrderRequest.aspx
Message :Thread was being aborted.
Source :mscorlib
Stack Trace :   at System.Threading.Thread.AbortInternal()
   at System.Threading.Thread.Abort(Object stateInfo)
   at System.Web.HttpResponse.End()
   at System.Web.HttpResponse.Redirect(String url, Boolean endResponse)
   at System.Web.HttpResponse.Redirect(String url)
   at POS_ERP.pgs.order.OrderRequest.btnsaveBill_clicked(Object sender, EventArgs e) in D:\vs_2010\POS_ERP\POS_ERP\pgs\order\OrderRequest.aspx.cs:line 461
TargetSite :Void AbortInternal()*****************************************************************************
11/29/2014 21:10:01: *****************************************************************************
Error in Path :/pgs/order/OrderRequest.aspx
Raw Url :/pgs/order/OrderRequest.aspx
Message :Thread was being aborted.
Source :mscorlib
Stack Trace :   at System.Threading.Thread.AbortInternal()
   at System.Threading.Thread.Abort(Object stateInfo)
   at System.Web.HttpResponse.End()
   at System.Web.HttpResponse.Redirect(String url, Boolean endResponse)
   at System.Web.HttpResponse.Redirect(String url)
   at POS_ERP.pgs.order.OrderRequest.btnsaveBill_clicked(Object sender, EventArgs e) in D:\vs_2010\POS_ERP\POS_ERP\pgs\order\OrderRequest.aspx.cs:line 461
TargetSite :Void AbortInternal()*****************************************************************************
11/29/2014 21:12:50: *****************************************************************************
Error in Path :/pgs/order/OrderRequest.aspx
Raw Url :/pgs/order/OrderRequest.aspx
Message :Field 'createdBy' doesn't have a default value
Source :MySql.Data
Stack Trace :   at MySql.Data.MySqlClient.MySqlStream.ReadPacket()
   at MySql.Data.MySqlClient.NativeDriver.GetResult(Int32& affectedRow, Int32& insertedId)
   at MySql.Data.MySqlClient.Driver.GetResult(Int32 statementId, Int32& affectedRows, Int32& insertedId)
   at MySql.Data.MySqlClient.Driver.NextResult(Int32 statementId)
   at MySql.Data.MySqlClient.MySqlDataReader.NextResult()
   at MySql.Data.MySqlClient.MySqlCommand.ExecuteReader(CommandBehavior behavior)
   at MySql.Data.MySqlClient.MySqlCommand.ExecuteReader()
   at MySql.Data.MySqlClient.MySqlCommand.ExecuteNonQuery()
   at POS_ERP.com.zanon.ERP.database.ConnectionManager.insertDeleteUpdate(String query, Dictionary`2 parameters) in D:\vs_2010\POS_ERP\POS_ERP\com\zanon\ERP\database\ConnectionManager.cs:line 91
TargetSite :MySql.Data.MySqlClient.MySqlPacket ReadPacket()*****************************************************************************
11/29/2014 21:12:50: *****************************************************************************
Error in Path :/pgs/order/OrderRequest.aspx
Raw Url :/pgs/order/OrderRequest.aspx
Message :Field 'createdBy' doesn't have a default value
Source :MySql.Data
Stack Trace :   at MySql.Data.MySqlClient.MySqlStream.ReadPacket()
   at MySql.Data.MySqlClient.NativeDriver.GetResult(Int32& affectedRow, Int32& insertedId)
   at MySql.Data.MySqlClient.Driver.GetResult(Int32 statementId, Int32& affectedRows, Int32& insertedId)
   at MySql.Data.MySqlClient.Driver.NextResult(Int32 statementId)
   at MySql.Data.MySqlClient.MySqlDataReader.NextResult()
   at MySql.Data.MySqlClient.MySqlCommand.ExecuteReader(CommandBehavior behavior)
   at MySql.Data.MySqlClient.MySqlCommand.ExecuteReader()
   at MySql.Data.MySqlClient.MySqlCommand.ExecuteNonQuery()
   at POS_ERP.com.zanon.ERP.database.ConnectionManager.insertDeleteUpdate(String query, Dictionary`2 parameters) in D:\vs_2010\POS_ERP\POS_ERP\com\zanon\ERP\database\ConnectionManager.cs:line 91
TargetSite :MySql.Data.MySqlClient.MySqlPacket ReadPacket()*****************************************************************************
11/29/2014 21:13:25: *****************************************************************************
Error in Path :/pgs/order/OrderRequest.aspx
Raw Url :/pgs/order/OrderRequest.aspx
Message :Field 'createdBy' doesn't have a default value
Source :MySql.Data
Stack Trace :   at MySql.Data.MySqlClient.MySqlStream.ReadPacket()
   at MySql.Data.MySqlClient.NativeDriver.GetResult(Int32& affectedRow, Int32& insertedId)
   at MySql.Data.MySqlClient.Driver.GetResult(Int32 statementId, Int32& affectedRows, Int32& insertedId)
   at MySql.Data.MySqlClient.Driver.NextResult(Int32 statementId)
   at MySql.Data.MySqlClient.MySqlDataReader.NextResult()
   at MySql.Data.MySqlClient.MySqlCommand.ExecuteReader(CommandBehavior behavior)
   at MySql.Data.MySqlClient.MySqlCommand.ExecuteReader()
   at MySql.Data.MySqlClient.MySqlCommand.ExecuteNonQuery()
   at POS_ERP.com.zanon.ERP.database.ConnectionManager.insertDeleteUpdate(String query, Dictionary`2 parameters) in D:\vs_2010\POS_ERP\POS_ERP\com\zanon\ERP\database\ConnectionManager.cs:line 91
TargetSite :MySql.Data.MySqlClient.MySqlPacket ReadPacket()*****************************************************************************
11/29/2014 21:13:25: *****************************************************************************
Error in Path :/pgs/order/OrderRequest.aspx
Raw Url :/pgs/order/OrderRequest.aspx
Message :Field 'createdBy' doesn't have a default value
Source :MySql.Data
Stack Trace :   at MySql.Data.MySqlClient.MySqlStream.ReadPacket()
   at MySql.Data.MySqlClient.NativeDriver.GetResult(Int32& affectedRow, Int32& insertedId)
   at MySql.Data.MySqlClient.Driver.GetResult(Int32 statementId, Int32& affectedRows, Int32& insertedId)
   at MySql.Data.MySqlClient.Driver.NextResult(Int32 statementId)
   at MySql.Data.MySqlClient.MySqlDataReader.NextResult()
   at MySql.Data.MySqlClient.MySqlCommand.ExecuteReader(CommandBehavior behavior)
   at MySql.Data.MySqlClient.MySqlCommand.ExecuteReader()
   at MySql.Data.MySqlClient.MySqlCommand.ExecuteNonQuery()
   at POS_ERP.com.zanon.ERP.database.ConnectionManager.insertDeleteUpdate(String query, Dictionary`2 parameters) in D:\vs_2010\POS_ERP\POS_ERP\com\zanon\ERP\database\ConnectionManager.cs:line 91
TargetSite :MySql.Data.MySqlClient.MySqlPacket ReadPacket()*****************************************************************************
11/29/2014 21:13:25: *****************************************************************************
Error in Path :/pgs/order/OrderRequest.aspx
Raw Url :/pgs/order/OrderRequest.aspx
Message :Thread was being aborted.
Source :mscorlib
Stack Trace :   at System.Threading.Thread.AbortInternal()
   at System.Threading.Thread.Abort(Object stateInfo)
   at System.Web.HttpResponse.End()
   at System.Web.HttpResponse.Redirect(String url, Boolean endResponse)
   at System.Web.HttpResponse.Redirect(String url)
   at POS_ERP.pgs.order.OrderRequest.btnsaveBill_clicked(Object sender, EventArgs e) in D:\vs_2010\POS_ERP\POS_ERP\pgs\order\OrderRequest.aspx.cs:line 461
TargetSite :Void AbortInternal()*****************************************************************************
11/29/2014 21:13:25: *****************************************************************************
Error in Path :/pgs/order/OrderRequest.aspx
Raw Url :/pgs/order/OrderRequest.aspx
Message :Thread was being aborted.
Source :mscorlib
Stack Trace :   at System.Threading.Thread.AbortInternal()
   at System.Threading.Thread.Abort(Object stateInfo)
   at System.Web.HttpResponse.End()
   at System.Web.HttpResponse.Redirect(String url, Boolean endResponse)
   at System.Web.HttpResponse.Redirect(String url)
   at POS_ERP.pgs.order.OrderRequest.btnsaveBill_clicked(Object sender, EventArgs e) in D:\vs_2010\POS_ERP\POS_ERP\pgs\order\OrderRequest.aspx.cs:line 461
TargetSite :Void AbortInternal()*****************************************************************************
11/29/2014 21:19:46: *****************************************************************************
Error in Path :/pgs/order/OrderRequest.aspx
Raw Url :/pgs/order/OrderRequest.aspx
Message :Thread was being aborted.
Source :mscorlib
Stack Trace :   at System.Threading.Thread.AbortInternal()
   at System.Threading.Thread.Abort(Object stateInfo)
   at System.Web.HttpResponse.End()
   at System.Web.HttpResponse.Redirect(String url, Boolean endResponse)
   at System.Web.HttpResponse.Redirect(String url)
   at POS_ERP.pgs.order.OrderRequest.btnsaveBill_clicked(Object sender, EventArgs e) in D:\vs_2010\POS_ERP\POS_ERP\pgs\order\OrderRequest.aspx.cs:line 450
TargetSite :Void AbortInternal()*****************************************************************************
11/29/2014 21:19:46: *****************************************************************************
Error in Path :/pgs/order/OrderRequest.aspx
Raw Url :/pgs/order/OrderRequest.aspx
Message :Thread was being aborted.
Source :mscorlib
Stack Trace :   at System.Threading.Thread.AbortInternal()
   at System.Threading.Thread.Abort(Object stateInfo)
   at System.Web.HttpResponse.End()
   at System.Web.HttpResponse.Redirect(String url, Boolean endResponse)
   at System.Web.HttpResponse.Redirect(String url)
   at POS_ERP.pgs.order.OrderRequest.btnsaveBill_clicked(Object sender, EventArgs e) in D:\vs_2010\POS_ERP\POS_ERP\pgs\order\OrderRequest.aspx.cs:line 450
TargetSite :Void AbortInternal()*****************************************************************************
11/29/2014 21:22:46: *****************************************************************************
Error in Path :/pgs/order/OrderRequest.aspx
Raw Url :/pgs/order/OrderRequest.aspx
Message :Thread was being aborted.
Source :mscorlib
Stack Trace :   at System.Threading.Thread.AbortInternal()
   at System.Threading.Thread.Abort(Object stateInfo)
   at System.Web.HttpResponse.End()
   at System.Web.HttpResponse.Redirect(String url, Boolean endResponse)
   at System.Web.HttpResponse.Redirect(String url)
   at POS_ERP.pgs.order.OrderRequest.btnsaveBill_clicked(Object sender, EventArgs e) in D:\vs_2010\POS_ERP\POS_ERP\pgs\order\OrderRequest.aspx.cs:line 452
TargetSite :Void AbortInternal()*****************************************************************************
11/29/2014 21:22:46: *****************************************************************************
Error in Path :/pgs/order/OrderRequest.aspx
Raw Url :/pgs/order/OrderRequest.aspx
Message :Thread was being aborted.
Source :mscorlib
Stack Trace :   at System.Threading.Thread.AbortInternal()
   at System.Threading.Thread.Abort(Object stateInfo)
   at System.Web.HttpResponse.End()
   at System.Web.HttpResponse.Redirect(String url, Boolean endResponse)
   at System.Web.HttpResponse.Redirect(String url)
   at POS_ERP.pgs.order.OrderRequest.btnsaveBill_clicked(Object sender, EventArgs e) in D:\vs_2010\POS_ERP\POS_ERP\pgs\order\OrderRequest.aspx.cs:line 452
TargetSite :Void AbortInternal()*****************************************************************************
11/29/2014 21:26:19: *****************************************************************************
Error in Path :/pgs/order/OrderRequest.aspx
Raw Url :/pgs/order/OrderRequest.aspx
Message :Thread was being aborted.
Source :mscorlib
Stack Trace :   at System.Threading.Thread.AbortInternal()
   at System.Threading.Thread.Abort(Object stateInfo)
   at System.Web.HttpResponse.End()
   at System.Web.HttpResponse.Redirect(String url, Boolean endResponse)
   at System.Web.HttpResponse.Redirect(String url)
   at POS_ERP.pgs.order.OrderRequest.btnsaveBill_clicked(Object sender, EventArgs e) in D:\vs_2010\POS_ERP\POS_ERP\pgs\order\OrderRequest.aspx.cs:line 452
TargetSite :Void AbortInternal()*****************************************************************************
11/29/2014 21:26:19: *****************************************************************************
Error in Path :/pgs/order/OrderRequest.aspx
Raw Url :/pgs/order/OrderRequest.aspx
Message :Thread was being aborted.
Source :mscorlib
Stack Trace :   at System.Threading.Thread.AbortInternal()
   at System.Threading.Thread.Abort(Object stateInfo)
   at System.Web.HttpResponse.End()
   at System.Web.HttpResponse.Redirect(String url, Boolean endResponse)
   at System.Web.HttpResponse.Redirect(String url)
   at POS_ERP.pgs.order.OrderRequest.btnsaveBill_clicked(Object sender, EventArgs e) in D:\vs_2010\POS_ERP\POS_ERP\pgs\order\OrderRequest.aspx.cs:line 452
TargetSite :Void AbortInternal()*****************************************************************************
11/29/2014 21:47:02: *****************************************************************************
Error in Path :/pgs/order/OrderRequest.aspx
Raw Url :/pgs/order/OrderRequest.aspx
Message :Thread was being aborted.
Source :mscorlib
Stack Trace :   at System.Threading.Thread.AbortInternal()
   at System.Threading.Thread.Abort(Object stateInfo)
   at System.Web.HttpResponse.End()
   at System.Web.HttpResponse.Redirect(String url, Boolean endResponse)
   at System.Web.HttpResponse.Redirect(String url)
   at POS_ERP.pgs.order.OrderRequest.btnsaveBill_clicked(Object sender, EventArgs e) in D:\vs_2010\POS_ERP\POS_ERP\pgs\order\OrderRequest.aspx.cs:line 452
TargetSite :Void AbortInternal()*****************************************************************************
11/29/2014 21:47:02: *****************************************************************************
Error in Path :/pgs/order/OrderRequest.aspx
Raw Url :/pgs/order/OrderRequest.aspx
Message :Thread was being aborted.
Source :mscorlib
Stack Trace :   at System.Threading.Thread.AbortInternal()
   at System.Threading.Thread.Abort(Object stateInfo)
   at System.Web.HttpResponse.End()
   at System.Web.HttpResponse.Redirect(String url, Boolean endResponse)
   at System.Web.HttpResponse.Redirect(String url)
   at POS_ERP.pgs.order.OrderRequest.btnsaveBill_clicked(Object sender, EventArgs e) in D:\vs_2010\POS_ERP\POS_ERP\pgs\order\OrderRequest.aspx.cs:line 452
TargetSite :Void AbortInternal()*****************************************************************************
11/29/2014 22:58:49: *****************************************************************************
Error in Path :/pgs/inventory/Material_C.aspx
Raw Url :/pgs/inventory/Material_C.aspx
Message :Table 'pos.tmat_grp' doesn't exist
Source :MySql.Data
Stack Trace :   at MySql.Data.MySqlClient.MySqlStream.ReadPacket()
   at MySql.Data.MySqlClient.NativeDriver.GetResult(Int32& affectedRow, Int32& insertedId)
   at MySql.Data.MySqlClient.Driver.GetResult(Int32 statementId, Int32& affectedRows, Int32& insertedId)
   at MySql.Data.MySqlClient.Driver.NextResult(Int32 statementId)
   at MySql.Data.MySqlClient.MySqlDataReader.NextResult()
   at MySql.Data.MySqlClient.MySqlCommand.ExecuteReader(CommandBehavior behavior)
   at MySql.Data.MySqlClient.MySqlCommand.ExecuteDbDataReader(CommandBehavior behavior)
   at System.Data.Common.DbCommand.System.Data.IDbCommand.ExecuteReader(CommandBehavior behavior)
   at System.Data.Common.DbDataAdapter.FillInternal(DataSet dataset, DataTable[] datatables, Int32 startRecord, Int32 maxRecords, String srcTable, IDbCommand command, CommandBehavior behavior)
   at System.Data.Common.DbDataAdapter.Fill(DataTable[] dataTables, Int32 startRecord, Int32 maxRecords, IDbCommand command, CommandBehavior behavior)
   at System.Data.Common.DbDataAdapter.Fill(DataTable dataTable)
   at POS_ERP.com.zanon.ERP.database.ConnectionManager.select(String query, Dictionary`2 parameters) in D:\vs_2010\POS_ERP\POS_ERP\com\zanon\ERP\database\ConnectionManager.cs:line 64
TargetSite :MySql.Data.MySqlClient.MySqlPacket ReadPacket()*****************************************************************************
11/29/2014 22:58:49: *****************************************************************************
Error in Path :/pgs/inventory/Material_C.aspx
Raw Url :/pgs/inventory/Material_C.aspx
Message :Table 'pos.tmat_grp' doesn't exist
Source :MySql.Data
Stack Trace :   at MySql.Data.MySqlClient.MySqlStream.ReadPacket()
   at MySql.Data.MySqlClient.NativeDriver.GetResult(Int32& affectedRow, Int32& insertedId)
   at MySql.Data.MySqlClient.Driver.GetResult(Int32 statementId, Int32& affectedRows, Int32& insertedId)
   at MySql.Data.MySqlClient.Driver.NextResult(Int32 statementId)
   at MySql.Data.MySqlClient.MySqlDataReader.NextResult()
   at MySql.Data.MySqlClient.MySqlCommand.ExecuteReader(CommandBehavior behavior)
   at MySql.Data.MySqlClient.MySqlCommand.ExecuteDbDataReader(CommandBehavior behavior)
   at System.Data.Common.DbCommand.System.Data.IDbCommand.ExecuteReader(CommandBehavior behavior)
   at System.Data.Common.DbDataAdapter.FillInternal(DataSet dataset, DataTable[] datatables, Int32 startRecord, Int32 maxRecords, String srcTable, IDbCommand command, CommandBehavior behavior)
   at System.Data.Common.DbDataAdapter.Fill(DataTable[] dataTables, Int32 startRecord, Int32 maxRecords, IDbCommand command, CommandBehavior behavior)
   at System.Data.Common.DbDataAdapter.Fill(DataTable dataTable)
   at POS_ERP.com.zanon.ERP.database.ConnectionManager.select(String query, Dictionary`2 parameters) in D:\vs_2010\POS_ERP\POS_ERP\com\zanon\ERP\database\ConnectionManager.cs:line 64
TargetSite :MySql.Data.MySqlClient.MySqlPacket ReadPacket()*****************************************************************************
11/29/2014 22:59:28: *****************************************************************************
Error in Path :/pgs/inventory/Material_C.aspx
Raw Url :/pgs/inventory/Material_C.aspx
Message :Index was out of range. Must be non-negative and less than the size of the collection.
Parameter name: index
Source :mscorlib
Stack Trace :   at System.ThrowHelper.ThrowArgumentOutOfRangeException(ExceptionArgument argument, ExceptionResource resource)
   at System.ThrowHelper.ThrowArgumentOutOfRangeException()
   at System.Collections.Generic.List`1.get_Item(Int32 index)
   at POS_ERP.com.zanon.ERP.beans.materialGroupBean.getMaterialGroupByID(Int32 id) in D:\vs_2010\POS_ERP\POS_ERP\com\zanon\ERP\beans\materialGroupBean.cs:line 50
TargetSite :Void ThrowArgumentOutOfRangeException(System.ExceptionArgument, System.ExceptionResource)*****************************************************************************
11/29/2014 22:59:28: *****************************************************************************
Error in Path :/pgs/inventory/Material_C.aspx
Raw Url :/pgs/inventory/Material_C.aspx
Message :Index was out of range. Must be non-negative and less than the size of the collection.
Parameter name: index
Source :mscorlib
Stack Trace :   at System.ThrowHelper.ThrowArgumentOutOfRangeException(ExceptionArgument argument, ExceptionResource resource)
   at System.ThrowHelper.ThrowArgumentOutOfRangeException()
   at System.Collections.Generic.List`1.get_Item(Int32 index)
   at POS_ERP.com.zanon.ERP.beans.materialGroupBean.getMaterialGroupByID(Int32 id) in D:\vs_2010\POS_ERP\POS_ERP\com\zanon\ERP\beans\materialGroupBean.cs:line 50
TargetSite :Void ThrowArgumentOutOfRangeException(System.ExceptionArgument, System.ExceptionResource)*****************************************************************************
11/29/2014 22:59:28: *****************************************************************************        *****************************************************************************
11/29/2014 22:59:28: *****************************************************************************        *****************************************************************************
11/29/2014 23:00:10: *****************************************************************************        *****************************************************************************
11/29/2014 23:00:10: *****************************************************************************        *****************************************************************************
11/29/2014 23:01:05: *****************************************************************************        *****************************************************************************
11/29/2014 23:01:05: *****************************************************************************        *****************************************************************************
11/29/2014 23:01:55: *****************************************************************************        *****************************************************************************
11/29/2014 23:01:55: *****************************************************************************        *****************************************************************************
11/29/2014 23:04:20: *****************************************************************************
Error in Path :/pgs/inventory/Material_C.aspx
Raw Url :/pgs/inventory/Material_C.aspx
Message :Parameter '@obj_id' must be defined.
Source :MySql.Data
Stack Trace :   at MySql.Data.MySqlClient.Statement.SerializeParameter(MySqlParameterCollection parameters, MySqlPacket packet, String parmName)
   at MySql.Data.MySqlClient.Statement.InternalBindParameters(String sql, MySqlParameterCollection parameters, MySqlPacket packet)
   at MySql.Data.MySqlClient.Statement.BindParameters()
   at MySql.Data.MySqlClient.Statement.Execute()
   at MySql.Data.MySqlClient.PreparableStatement.Execute()
   at MySql.Data.MySqlClient.MySqlCommand.ExecuteReader(CommandBehavior behavior)
TargetSite :Boolean SerializeParameter(MySql.Data.MySqlClient.MySqlParameterCollection, MySql.Data.MySqlClient.MySqlPacket, System.String)*****************************************************************************
11/29/2014 23:04:20: *****************************************************************************
Error in Path :/pgs/inventory/Material_C.aspx
Raw Url :/pgs/inventory/Material_C.aspx
Message :Parameter '@obj_id' must be defined.
Source :MySql.Data
Stack Trace :   at MySql.Data.MySqlClient.Statement.SerializeParameter(MySqlParameterCollection parameters, MySqlPacket packet, String parmName)
   at MySql.Data.MySqlClient.Statement.InternalBindParameters(String sql, MySqlParameterCollection parameters, MySqlPacket packet)
   at MySql.Data.MySqlClient.Statement.BindParameters()
   at MySql.Data.MySqlClient.Statement.Execute()
   at MySql.Data.MySqlClient.PreparableStatement.Execute()
   at MySql.Data.MySqlClient.MySqlCommand.ExecuteReader(CommandBehavior behavior)
TargetSite :Boolean SerializeParameter(MySql.Data.MySqlClient.MySqlParameterCollection, MySql.Data.MySqlClient.MySqlPacket, System.String)*****************************************************************************
11/29/2014 23:04:36: *****************************************************************************        *****************************************************************************
11/29/2014 23:04:36: *****************************************************************************        *****************************************************************************
11/29/2014 23:06:05: *****************************************************************************
Error in Path :/pgs/inventory/Material_C.aspx
Raw Url :/pgs/inventory/Material_C.aspx
Message :Duplicate entry '2' for key 'PRIMARY'
Source :MySql.Data
Stack Trace :   at MySql.Data.MySqlClient.MySqlStream.ReadPacket()
   at MySql.Data.MySqlClient.NativeDriver.GetResult(Int32& affectedRow, Int32& insertedId)
   at MySql.Data.MySqlClient.Driver.GetResult(Int32 statementId, Int32& affectedRows, Int32& insertedId)
   at MySql.Data.MySqlClient.Driver.NextResult(Int32 statementId)
   at MySql.Data.MySqlClient.MySqlDataReader.NextResult()
   at MySql.Data.MySqlClient.MySqlCommand.ExecuteReader(CommandBehavior behavior)
   at MySql.Data.MySqlClient.MySqlCommand.ExecuteReader()
   at MySql.Data.MySqlClient.MySqlCommand.ExecuteNonQuery()
   at POS_ERP.com.zanon.ERP.database.ConnectionManager.insertDeleteUpdate(String query, Dictionary`2 parameters) in D:\vs_2010\POS_ERP\POS_ERP\com\zanon\ERP\database\ConnectionManager.cs:line 91
TargetSite :MySql.Data.MySqlClient.MySqlPacket ReadPacket()*****************************************************************************
11/29/2014 23:06:05: *****************************************************************************
Error in Path :/pgs/inventory/Material_C.aspx
Raw Url :/pgs/inventory/Material_C.aspx
Message :Duplicate entry '2' for key 'PRIMARY'
Source :MySql.Data
Stack Trace :   at MySql.Data.MySqlClient.MySqlStream.ReadPacket()
   at MySql.Data.MySqlClient.NativeDriver.GetResult(Int32& affectedRow, Int32& insertedId)
   at MySql.Data.MySqlClient.Driver.GetResult(Int32 statementId, Int32& affectedRows, Int32& insertedId)
   at MySql.Data.MySqlClient.Driver.NextResult(Int32 statementId)
   at MySql.Data.MySqlClient.MySqlDataReader.NextResult()
   at MySql.Data.MySqlClient.MySqlCommand.ExecuteReader(CommandBehavior behavior)
   at MySql.Data.MySqlClient.MySqlCommand.ExecuteReader()
   at MySql.Data.MySqlClient.MySqlCommand.ExecuteNonQuery()
   at POS_ERP.com.zanon.ERP.database.ConnectionManager.insertDeleteUpdate(String query, Dictionary`2 parameters) in D:\vs_2010\POS_ERP\POS_ERP\com\zanon\ERP\database\ConnectionManager.cs:line 91
TargetSite :MySql.Data.MySqlClient.MySqlPacket ReadPacket()*****************************************************************************
11/29/2014 23:06:15: *****************************************************************************
Error in Path :/pgs/inventory/Material_C.aspx
Raw Url :/pgs/inventory/Material_C.aspx
Message :Duplicate entry '3' for key 'PRIMARY'
Source :MySql.Data
Stack Trace :   at MySql.Data.MySqlClient.MySqlStream.ReadPacket()
   at MySql.Data.MySqlClient.NativeDriver.GetResult(Int32& affectedRow, Int32& insertedId)
   at MySql.Data.MySqlClient.Driver.GetResult(Int32 statementId, Int32& affectedRows, Int32& insertedId)
   at MySql.Data.MySqlClient.Driver.NextResult(Int32 statementId)
   at MySql.Data.MySqlClient.MySqlDataReader.NextResult()
   at MySql.Data.MySqlClient.MySqlCommand.ExecuteReader(CommandBehavior behavior)
   at MySql.Data.MySqlClient.MySqlCommand.ExecuteReader()
   at MySql.Data.MySqlClient.MySqlCommand.ExecuteNonQuery()
   at POS_ERP.com.zanon.ERP.database.ConnectionManager.insertDeleteUpdate(String query, Dictionary`2 parameters) in D:\vs_2010\POS_ERP\POS_ERP\com\zanon\ERP\database\ConnectionManager.cs:line 91
TargetSite :MySql.Data.MySqlClient.MySqlPacket ReadPacket()*****************************************************************************
11/29/2014 23:06:15: *****************************************************************************
Error in Path :/pgs/inventory/Material_C.aspx
Raw Url :/pgs/inventory/Material_C.aspx
Message :Duplicate entry '3' for key 'PRIMARY'
Source :MySql.Data
Stack Trace :   at MySql.Data.MySqlClient.MySqlStream.ReadPacket()
   at MySql.Data.MySqlClient.NativeDriver.GetResult(Int32& affectedRow, Int32& insertedId)
   at MySql.Data.MySqlClient.Driver.GetResult(Int32 statementId, Int32& affectedRows, Int32& insertedId)
   at MySql.Data.MySqlClient.Driver.NextResult(Int32 statementId)
   at MySql.Data.MySqlClient.MySqlDataReader.NextResult()
   at MySql.Data.MySqlClient.MySqlCommand.ExecuteReader(CommandBehavior behavior)
   at MySql.Data.MySqlClient.MySqlCommand.ExecuteReader()
   at MySql.Data.MySqlClient.MySqlCommand.ExecuteNonQuery()
   at POS_ERP.com.zanon.ERP.database.ConnectionManager.insertDeleteUpdate(String query, Dictionary`2 parameters) in D:\vs_2010\POS_ERP\POS_ERP\com\zanon\ERP\database\ConnectionManager.cs:line 91
TargetSite :MySql.Data.MySqlClient.MySqlPacket ReadPacket()*****************************************************************************
